<?xml version="1.0" encoding="UTF-8"?>
<testng-results ignored="0" total="3" passed="3" failed="0" skipped="0">
  <reporter-output>
  </reporter-output>
  <suite started-at="2024-06-20T16:47:52 IST" name="Mobile Automation Bervistay" finished-at="2024-06-20T16:53:11 IST" duration-ms="318902">
    <groups>
    </groups>
    <test started-at="2024-06-20T16:47:52 IST" name="Test1" finished-at="2024-06-20T16:49:57 IST" duration-ms="124330">
      <class name="com.qa.TestScripts.LoginApp">
        <test-method is-config="true" signature="configureAppium()[pri:0, instance:com.qa.TestScripts.LoginApp@710c2b53]" started-at="2024-06-20T16:47:53 IST" name="configureAppium" finished-at="2024-06-20T16:48:20 IST" duration-ms="27749" status="PASS">
          <reporter-output>
          </reporter-output>
        </test-method> <!-- configureAppium -->
        <test-method signature="LoginApplication()[pri:0, instance:com.qa.TestScripts.LoginApp@710c2b53]" started-at="2024-06-20T16:48:20 IST" name="LoginApplication" finished-at="2024-06-20T16:49:56 IST" duration-ms="95206" status="PASS">
          <reporter-output>
          </reporter-output>
        </test-method> <!-- LoginApplication -->
        <test-method is-config="true" signature="tearDown()[pri:0, instance:com.qa.TestScripts.LoginApp@710c2b53]" started-at="2024-06-20T16:49:56 IST" name="tearDown" finished-at="2024-06-20T16:49:57 IST" duration-ms="974" status="PASS">
          <reporter-output>
          </reporter-output>
        </test-method> <!-- tearDown -->
      </class> <!-- com.qa.TestScripts.LoginApp -->
    </test> <!-- Test1 -->
    <test started-at="2024-06-20T16:49:57 IST" name="Test2" finished-at="2024-06-20T16:53:11 IST" duration-ms="193850">
      <class name="com.qa.TestScripts.SelectCity">
        <test-method is-config="true" signature="configureAppium()[pri:0, instance:com.qa.TestScripts.SelectCity@312aa7c]" started-at="2024-06-20T16:49:57 IST" name="configureAppium" finished-at="2024-06-20T16:50:11 IST" duration-ms="13276" status="PASS">
          <reporter-output>
          </reporter-output>
        </test-method> <!-- configureAppium -->
        <test-method signature="LoginApplication()[pri:0, instance:com.qa.TestScripts.SelectCity@312aa7c]" started-at="2024-06-20T16:50:11 IST" name="LoginApplication" finished-at="2024-06-20T16:51:40 IST" duration-ms="89053" status="PASS">
          <reporter-output>
          </reporter-output>
        </test-method> <!-- LoginApplication -->
        <test-method signature="selectCityHotel()[pri:0, instance:com.qa.TestScripts.SelectCity@312aa7c]" started-at="2024-06-20T16:51:40 IST" name="selectCityHotel" finished-at="2024-06-20T16:53:07 IST" duration-ms="87302" status="PASS">
          <reporter-output>
          </reporter-output>
        </test-method> <!-- selectCityHotel -->
        <test-method is-config="true" signature="tearDown()[pri:0, instance:com.qa.TestScripts.SelectCity@312aa7c]" started-at="2024-06-20T16:53:07 IST" name="tearDown" finished-at="2024-06-20T16:53:11 IST" duration-ms="3899" status="PASS">
          <reporter-output>
          </reporter-output>
        </test-method> <!-- tearDown -->
      </class> <!-- com.qa.TestScripts.SelectCity -->
    </test> <!-- Test2 -->
  </suite> <!-- Mobile Automation Bervistay -->
</testng-results>
